<?xml version="1.0" encoding="UTF-8"?>
<!-- Generated by org.testng.reporters.JUnitXMLReporter -->
<testsuite ignored="0" hostname="Hi" failures="0" tests="4" name="Test" time="29.174" errors="0" timestamp="2022-09-30T16:33:30 IST">
  <testcase classname="automate.Main" name="Registration" time="7.928"/>
  <testcase classname="automate.Main" name="Login" time="4.21"/>
  <testcase classname="automate.Main" name="search" time="9.139"/>
  <testcase classname="automate.Main" name="cart" time="5.69"/>
</testsuite> <!-- Test -->
