<?xml version="1.0" encoding="UTF-8"?>
<!-- Generated by org.testng.reporters.JUnitXMLReporter -->
<testsuite ignored="0" hostname="Hi" failures="0" tests="4" name="Default test" time="40.197" errors="0" timestamp="2022-09-30T16:55:27 IST">
  <testcase classname="automate.Main" name="Registration" time="10.384"/>
  <testcase classname="automate.Main" name="Login" time="6.707"/>
  <testcase classname="automate.Main" name="search" time="11.138"/>
  <testcase classname="automate.Main" name="cart" time="7.587"/>
</testsuite> <!-- Default test -->
